<?xml version="1.0" encoding="UTF-8"?>
<!-- Generated by org.testng.reporters.JUnitReportReporter -->
<testsuite hostname="FarhanKhalid" failures="0" tests="1" name="test8.Class8" time="3.961" errors="0" timestamp="2022-12-05T21:30:35 EST" skipped="0">
  <testcase classname="test8.Class8" name="MoE" time="3.961"/>
  <system-out/>
</testsuite> <!-- test8.Class8 -->
